<?xml version="1.0" encoding="UTF-8"?>
<testsuite xmlns:xsi="http://www.w3.org/2001/XMLSchema-instance" xsi:noNamespaceSchemaLocation="https://maven.apache.org/surefire/maven-surefire-plugin/xsd/surefire-test-report.xsd" name="BookingTests" time="22.499" tests="5" errors="1" skipped="0" failures="2">
  <properties>
[...]
</properties>
  <testcase name="DeleteBooking_returnOk" classname="BookingTests" time="12.101">
    <failure message="expected: not &lt;null&gt;" type="org.opentest4j.AssertionFailedError"><![CDATA[org.opentest4j.AssertionFailedError: expected: not <null>
	at BookingTests.DeleteBooking_returnOk(BookingTests.java:196)
]]></failure>
    <system-out><![CDATA[Request method:	POST
Request URI:	https://restful-booker.herokuapp.com/auth
Proxy:			<none>
Request params:	<none>
Query params:	<none>
Form params:	<none>
Path params:	<none>
Headers:		Accept=*/*
				Content-Type=application/json
Cookies:		<none>
Multiparts:		<none>
Body:
{
    "username": "admin",
    "password": "password123"
}
HTTP/1.1 200 OK
Server: Cowboy
Connection: keep-alive
X-Powered-By: Express
Content-Type: application/json; charset=utf-8
Content-Length: 27
Etag: W/"1b-bikx8/DMu/2MrawjdPFlWDZg7Wk"
Date: Mon, 02 Jan 2023 20:31:09 GMT
Via: 1.1 vegur

{
    "token": "5c82bd1b033838f"
}
Request method:	DELETE
Request URI:	https://restful-booker.herokuapp.com/booking/1
Proxy:			<none>
Request params:	<none>
Query params:	<none>
Form params:	<none>
Path params:	<none>
Headers:		Authorization=Bearer io.restassured.internal.RestAssuredResponseImpl@5e6003c1
				Accept=*/*
				Content-Type=application/json
Cookies:		<none>
Multiparts:		<none>
Body:			<none>
HTTP/1.1 403 Forbidden
Server: Cowboy
Connection: keep-alive
X-Powered-By: Express
Content-Type: text/plain; charset=utf-8
Content-Length: 9
Etag: W/"9-PatfYBLj4Um1qTm5zrukoLhNyPU"
Date: Mon, 02 Jan 2023 20:31:10 GMT
Via: 1.1 vegur

Forbidden
HTTP/1.1 403 Forbidden
Server: Cowboy
Connection: keep-alive
X-Powered-By: Express
Content-Type: text/plain; charset=utf-8
Content-Length: 9
Etag: W/"9-PatfYBLj4Um1qTm5zrukoLhNyPU"
Date: Mon, 02 Jan 2023 20:31:10 GMT
Via: 1.1 vegur

Forbidden
]]></system-out>
  </testcase>
  <testcase name="UpdateBooking_returnOk" classname="BookingTests" time="3.506">
    <error message="com.fasterxml.jackson.core.JsonParseException: Unrecognized token &apos;Forbidden&apos;: was expecting (JSON String, Number, Array, Object or token &apos;null&apos;, &apos;true&apos; or &apos;false&apos;)&#10; at [Source: (StringReader); line: 1, column: 10]" type="io.restassured.module.jsv.JsonSchemaValidationException">io.restassured.module.jsv.JsonSchemaValidationException: 
com.fasterxml.jackson.core.JsonParseException: Unrecognized token 'Forbidden': was expecting (JSON String, Number, Array, Object or token 'null', 'true' or 'false')
 at [Source: (StringReader); line: 1, column: 10]
	at BookingTests.UpdateBooking_returnOk(BookingTests.java:165)
Caused by: com.fasterxml.jackson.core.JsonParseException: 
Unrecognized token 'Forbidden': was expecting (JSON String, Number, Array, Object or token 'null', 'true' or 'false')
 at [Source: (StringReader); line: 1, column: 10]
	at BookingTests.UpdateBooking_returnOk(BookingTests.java:165)
</error>
    <system-out><![CDATA[Request method:	POST
Request URI:	https://restful-booker.herokuapp.com/auth
Proxy:			<none>
Request params:	<none>
Query params:	<none>
Form params:	<none>
Path params:	<none>
Headers:		Accept=*/*
				Content-Type=application/json
Cookies:		<none>
Multiparts:		<none>
Body:
{
    "username": "admin",
    "password": "password123"
}
HTTP/1.1 200 OK
Server: Cowboy
Connection: keep-alive
X-Powered-By: Express
Content-Type: application/json; charset=utf-8
Content-Length: 27
Etag: W/"1b-Z02Js5Vb3s/RMfi7mnHrYCzCNOw"
Date: Mon, 02 Jan 2023 20:31:11 GMT
Via: 1.1 vegur

{
    "token": "9d0c2f53a7994cb"
}
Request method:	PUT
Request URI:	https://restful-booker.herokuapp.com/booking/2
Proxy:			<none>
Request params:	<none>
Query params:	<none>
Form params:	<none>
Path params:	<none>
Headers:		Authorization=Bearer io.restassured.internal.RestAssuredResponseImpl@34aff9fe
				Accept=*/*
				Content-Type=application/json
Cookies:		<none>
Multiparts:		<none>
Body:
{
    "lastname": "Kutch",
    "firstname": "Lacy",
    "totalprice": 59086.77,
    "depositpaid": true,
    "bookingdates": {
        "checkin": "2018-01-02",
        "checkout": "2018-01-03"
    },
    "additionalneeds": ""
}
HTTP/1.1 403 Forbidden
Server: Cowboy
Connection: keep-alive
X-Powered-By: Express
Content-Type: text/plain; charset=utf-8
Content-Length: 9
Etag: W/"9-PatfYBLj4Um1qTm5zrukoLhNyPU"
Date: Mon, 02 Jan 2023 20:31:13 GMT
Via: 1.1 vegur

Forbidden
HTTP/1.1 403 Forbidden
Server: Cowboy
Connection: keep-alive
X-Powered-By: Express
Content-Type: text/plain; charset=utf-8
Content-Length: 9
Etag: W/"9-PatfYBLj4Um1qTm5zrukoLhNyPU"
Date: Mon, 02 Jan 2023 20:31:13 GMT
Via: 1.1 vegur

Forbidden
]]></system-out>
  </testcase>
  <testcase name="HealthCheck_returnOk" classname="BookingTests" time="1.027"/>
  <testcase name="partialUpdateBooking_returnOk" classname="BookingTests" time="1.979">
    <failure message="1 expectation failed.&#10;Expected status code &lt;200&gt; but was &lt;403&gt;.&#10;" type="java.lang.AssertionError"><![CDATA[java.lang.AssertionError: 
1 expectation failed.
Expected status code <200> but was <403>.

	at BookingTests.partialUpdateBooking_returnOk(BookingTests.java:138)
]]></failure>
    <system-out><![CDATA[Request method:	POST
Request URI:	https://restful-booker.herokuapp.com/auth
Proxy:			<none>
Request params:	<none>
Query params:	<none>
Form params:	<none>
Path params:	<none>
Headers:		Accept=*/*
				Content-Type=application/json
Cookies:		<none>
Multiparts:		<none>
Body:
{
    "username": "admin",
    "password": "password123"
}
HTTP/1.1 200 OK
Server: Cowboy
Connection: keep-alive
X-Powered-By: Express
Content-Type: application/json; charset=utf-8
Content-Length: 27
Etag: W/"1b-9ychQXnfUAraUBY2rG8tWqyluNg"
Date: Mon, 02 Jan 2023 20:31:16 GMT
Via: 1.1 vegur

{
    "token": "03c3d89fbd36be3"
}
Request method:	PATCH
Request URI:	https://restful-booker.herokuapp.com/booking/1?firstName=Gabriele&firstName=lastname&firstName=Brown
Proxy:			<none>
Request params:	<none>
Query params:	firstName=[Gabriele, lastname, Brown]
Form params:	<none>
Path params:	<none>
Headers:		Authorization=Bearer io.restassured.internal.RestAssuredResponseImpl@f72ef6b
				Accept=*/*
				Content-Type=application/json
Cookies:		<none>
Multiparts:		<none>
Body:			<none>
HTTP/1.1 403 Forbidden
Server: Cowboy
Connection: keep-alive
X-Powered-By: Express
Content-Type: text/plain; charset=utf-8
Content-Length: 9
Etag: W/"9-PatfYBLj4Um1qTm5zrukoLhNyPU"
Date: Mon, 02 Jan 2023 20:31:17 GMT
Via: 1.1 vegur

Forbidden
HTTP/1.1 403 Forbidden
Server: Cowboy
Connection: keep-alive
X-Powered-By: Express
Content-Type: text/plain; charset=utf-8
Content-Length: 9
Etag: W/"9-PatfYBLj4Um1qTm5zrukoLhNyPU"
Date: Mon, 02 Jan 2023 20:31:17 GMT
Via: 1.1 vegur

Forbidden
]]></system-out>
  </testcase>
  <testcase name="getAllBookingsById_returnOk" classname="BookingTests" time="1.008"/>
</testsuite>